[2026-03-18 08:01:46] ==================================================
[2026-03-18 08:01:46] 🤖 Agent Marketplace Worker starting
[2026-03-18 08:01:47] ✅ Contract alive: 0x0AAcE047ab053A870873727Dbb53F1Ed49e61dfe (5696 bytes)
[2026-03-18 08:01:47] 💰 Agent wallet: 0.0050 ETH on Base
[2026-03-18 08:01:47] 📋 Next task: [write_agent_logic] Write Python agent logic to browse marketplace offers and auto-match
[2026-03-18 08:01:47] ✅ Written: agent_logic.py
[2026-03-18 08:01:48] ✅ Git pushed: feat: write_agent_logic — autonomous agent build step
[2026-03-18 08:01:49] ⚠️ Synthesis update failed: 400
[2026-03-18 08:01:49] ✅ Worker cycle complete
[2026-03-18 08:01:49] ==================================================
[2026-03-18 16:01:46] ==================================================
[2026-03-18 16:01:46] 🤖 Agent Marketplace Worker starting
[2026-03-18 16:01:47] ✅ Contract alive: 0x0AAcE047ab053A870873727Dbb53F1Ed49e61dfe (5696 bytes)
[2026-03-18 16:01:47] 💰 Agent wallet: 0.0050 ETH on Base
[2026-03-18 16:01:47] 📋 Next task: [write_demo_script] Write CLI demo script showing full P2P swap flow
[2026-03-18 16:01:47] ✅ Written: demo.py
[2026-03-18 16:01:47] ⚠️ Git push failed: fatal: The current branch main has no upstream branch.
To push the current branch and set the remote
[2026-03-18 16:01:49] ⚠️ Synthesis update failed: 400
[2026-03-18 16:01:49] ✅ Worker cycle complete
[2026-03-18 16:01:49] ==================================================
[2026-03-19 00:02:54] ==================================================
[2026-03-19 00:02:54] 🤖 Agent Marketplace Worker starting
[2026-03-19 00:02:55] ✅ Contract alive: 0x0AAcE047ab053A870873727Dbb53F1Ed49e61dfe (5696 bytes)
[2026-03-19 00:02:55] 💰 Agent wallet: 0.0050 ETH on Base
[2026-03-19 00:02:55] 📋 Next task: [write_readme_demo] Update README with contract address, demo instructions, architecture diagram
[2026-03-19 00:02:55] ✅ Updated: README.md
[2026-03-19 00:02:56] ✅ Git pushed: feat: write_readme_demo — autonomous agent build step
[2026-03-19 00:02:57] ⚠️ Synthesis update failed: 400
[2026-03-19 00:02:57] ✅ Worker cycle complete
[2026-03-19 00:02:57] ==================================================
[2026-03-19 08:01:45] ==================================================
[2026-03-19 08:01:45] 🤖 Agent Marketplace Worker starting
[2026-03-19 08:01:45] ✅ Contract alive: 0x0AAcE047ab053A870873727Dbb53F1Ed49e61dfe (5696 bytes)
[2026-03-19 08:01:45] 💰 Agent wallet: 0.0050 ETH on Base
[2026-03-19 08:01:45] 📋 Next task: [write_api_spec] Write agent.json manifest for ERC-8004 compatibility
[2026-03-19 08:01:45] ✅ Written: agent.json (ERC-8004 manifest)
[2026-03-19 08:01:47] ✅ Git pushed: feat: write_api_spec — autonomous agent build step
[2026-03-19 08:01:48] ⚠️ Synthesis update failed: 400
[2026-03-19 08:01:48] ✅ Worker cycle complete
[2026-03-19 08:01:48] ==================================================
[2026-03-19 16:01:45] ==================================================
[2026-03-19 16:01:45] 🤖 Agent Marketplace Worker starting
[2026-03-19 16:01:46] ✅ Contract alive: 0x0AAcE047ab053A870873727Dbb53F1Ed49e61dfe (5696 bytes)
[2026-03-19 16:01:46] 💰 Agent wallet: 0.0050 ETH on Base
[2026-03-19 16:01:46] 📋 Next task: [write_tests] Write basic tests for contract interactions
[2026-03-19 16:01:46] ✅ Written: test/AgentMarketplace.test.js
